d:\engine\tools\lunaeditor\mfc\vs2013\lunaeditor\lunaeditor\debug\lunaeditor.pch
d:\engine\tools\lunaeditor\mfc\vs2013\lunaeditor\lunaeditor\debug\vc120.pdb
d:\engine\tools\lunaeditor\mfc\vs2013\lunaeditor\lunaeditor\debug\vc120.idb
d:\engine\tools\lunaeditor\mfc\vs2013\lunaeditor\lunaeditor\debug\stdafx.obj
d:\engine\tools\lunaeditor\mfc\vs2013\lunaeditor\lunaeditor\debug\classview.obj
d:\engine\tools\lunaeditor\mfc\vs2013\lunaeditor\lunaeditor\debug\fileview.obj
d:\engine\tools\lunaeditor\mfc\vs2013\lunaeditor\lunaeditor\debug\lunaeditor.obj
d:\engine\tools\lunaeditor\mfc\vs2013\lunaeditor\lunaeditor\debug\lunaeditordoc.obj
d:\engine\tools\lunaeditor\mfc\vs2013\lunaeditor\lunaeditor\debug\lunaeditorview.obj
d:\engine\tools\lunaeditor\mfc\vs2013\lunaeditor\lunaeditor\debug\mainfrm.obj
d:\engine\tools\lunaeditor\mfc\vs2013\lunaeditor\lunaeditor\debug\outputwnd.obj
d:\engine\tools\lunaeditor\mfc\vs2013\lunaeditor\lunaeditor\debug\propertieswnd.obj
d:\engine\tools\lunaeditor\mfc\vs2013\lunaeditor\lunaeditor\debug\viewtree.obj
d:\engine\tools\lunaeditor\mfc\vs2013\lunaeditor\lunaeditor\debug\textures.obj
d:\engine\tools\lunaeditor\mfc\vs2013\lunaeditor\debug\lunaeditor.ilk
d:\engine\tools\lunaeditor\mfc\vs2013\lunaeditor\debug\lunaeditor.exe
d:\engine\tools\lunaeditor\mfc\vs2013\lunaeditor\debug\lunaeditor.pdb
d:\engine\tools\lunaeditor\mfc\vs2013\lunaeditor\lunaeditor\debug\lunaeditor.res
d:\engine\tools\lunaeditor\mfc\vs2013\lunaeditor\lunaeditor\debug\lunaeditor.tlog\cl.command.1.tlog
d:\engine\tools\lunaeditor\mfc\vs2013\lunaeditor\lunaeditor\debug\lunaeditor.tlog\cl.read.1.tlog
d:\engine\tools\lunaeditor\mfc\vs2013\lunaeditor\lunaeditor\debug\lunaeditor.tlog\cl.write.1.tlog
d:\engine\tools\lunaeditor\mfc\vs2013\lunaeditor\lunaeditor\debug\lunaeditor.tlog\link.6584-cvtres.read.1.tlog
d:\engine\tools\lunaeditor\mfc\vs2013\lunaeditor\lunaeditor\debug\lunaeditor.tlog\link.6584-cvtres.write.1.tlog
d:\engine\tools\lunaeditor\mfc\vs2013\lunaeditor\lunaeditor\debug\lunaeditor.tlog\link.6584-mt.read.1.tlog
d:\engine\tools\lunaeditor\mfc\vs2013\lunaeditor\lunaeditor\debug\lunaeditor.tlog\link.6584-mt.write.1.tlog
d:\engine\tools\lunaeditor\mfc\vs2013\lunaeditor\lunaeditor\debug\lunaeditor.tlog\link.6584-rc.read.1.tlog
d:\engine\tools\lunaeditor\mfc\vs2013\lunaeditor\lunaeditor\debug\lunaeditor.tlog\link.6584-rc.write.1.tlog
d:\engine\tools\lunaeditor\mfc\vs2013\lunaeditor\lunaeditor\debug\lunaeditor.tlog\link.6584.read.1.tlog
d:\engine\tools\lunaeditor\mfc\vs2013\lunaeditor\lunaeditor\debug\lunaeditor.tlog\link.6584.write.1.tlog
d:\engine\tools\lunaeditor\mfc\vs2013\lunaeditor\lunaeditor\debug\lunaeditor.tlog\link.command.1.tlog
d:\engine\tools\lunaeditor\mfc\vs2013\lunaeditor\lunaeditor\debug\lunaeditor.tlog\link.read.1.tlog
d:\engine\tools\lunaeditor\mfc\vs2013\lunaeditor\lunaeditor\debug\lunaeditor.tlog\link.write.1.tlog
d:\engine\tools\lunaeditor\mfc\vs2013\lunaeditor\lunaeditor\debug\lunaeditor.tlog\rc.command.1.tlog
d:\engine\tools\lunaeditor\mfc\vs2013\lunaeditor\lunaeditor\debug\lunaeditor.tlog\rc.read.1.tlog
d:\engine\tools\lunaeditor\mfc\vs2013\lunaeditor\lunaeditor\debug\lunaeditor.tlog\rc.write.1.tlog
