d:\engine\tools\lunaeditor\mfc\vs2013\lunaeditor\lunastudio\debug\lunastudio.pch
d:\engine\tools\lunaeditor\mfc\vs2013\lunaeditor\lunastudio\debug\vc120.pdb
d:\engine\tools\lunaeditor\mfc\vs2013\lunaeditor\lunastudio\debug\vc120.idb
d:\engine\tools\lunaeditor\mfc\vs2013\lunaeditor\lunastudio\debug\stdafx.obj
d:\engine\tools\lunaeditor\mfc\vs2013\lunaeditor\lunastudio\debug\childview.obj
d:\engine\tools\lunaeditor\mfc\vs2013\lunaeditor\lunastudio\debug\lunastudio.obj
d:\engine\tools\lunaeditor\mfc\vs2013\lunaeditor\lunastudio\debug\mainfrm.obj
d:\engine\tools\lunaeditor\mfc\vs2013\lunaeditor\lunastudio\debug\viewtree.obj
d:\engine\tools\lunaeditor\mfc\vs2013\lunaeditor\lunastudio\debug\classview.obj
d:\engine\tools\lunaeditor\mfc\vs2013\lunaeditor\lunastudio\debug\propertieswnd.obj
d:\engine\tools\lunaeditor\mfc\vs2013\lunaeditor\lunastudio\debug\fileview.obj
d:\engine\tools\lunaeditor\mfc\vs2013\lunaeditor\debug\lunastudio.ilk
d:\engine\tools\lunaeditor\mfc\vs2013\lunaeditor\debug\lunastudio.exe
d:\engine\tools\lunaeditor\mfc\vs2013\lunaeditor\debug\lunastudio.pdb
d:\engine\tools\lunaeditor\mfc\vs2013\lunaeditor\lunastudio\debug\lunastudio.res
d:\engine\tools\lunaeditor\mfc\vs2013\lunaeditor\lunastudio\debug\lunastudio.tlog\cl.command.1.tlog
d:\engine\tools\lunaeditor\mfc\vs2013\lunaeditor\lunastudio\debug\lunastudio.tlog\cl.read.1.tlog
d:\engine\tools\lunaeditor\mfc\vs2013\lunaeditor\lunastudio\debug\lunastudio.tlog\cl.write.1.tlog
d:\engine\tools\lunaeditor\mfc\vs2013\lunaeditor\lunastudio\debug\lunastudio.tlog\link.command.1.tlog
d:\engine\tools\lunaeditor\mfc\vs2013\lunaeditor\lunastudio\debug\lunastudio.tlog\link.read.1.tlog
d:\engine\tools\lunaeditor\mfc\vs2013\lunaeditor\lunastudio\debug\lunastudio.tlog\link.write.1.tlog
d:\engine\tools\lunaeditor\mfc\vs2013\lunaeditor\lunastudio\debug\lunastudio.tlog\rc.command.1.tlog
d:\engine\tools\lunaeditor\mfc\vs2013\lunaeditor\lunastudio\debug\lunastudio.tlog\rc.read.1.tlog
d:\engine\tools\lunaeditor\mfc\vs2013\lunaeditor\lunastudio\debug\lunastudio.tlog\rc.write.1.tlog
